<html>
<head>
<title>TestNG:  crmtestcases</title>
<link href="../testng.css" rel="stylesheet" type="text/css" />
<link href="../my-testng.css" rel="stylesheet" type="text/css" />

<style type="text/css">
.log { display: none;} 
.stack-trace { display: none;} 
</style>
<script type="text/javascript">
<!--
function flip(e) {
  current = e.style.display;
  if (current == 'block') {
    e.style.display = 'none';
    return 0;
  }
  else {
    e.style.display = 'block';
    return 1;
  }
}

function toggleBox(szDivId, elem, msg1, msg2)
{
  var res = -1;  if (document.getElementById) {
    res = flip(document.getElementById(szDivId));
  }
  else if (document.all) {
    // this is the way old msie versions work
    res = flip(document.all[szDivId]);
  }
  if(elem) {
    if(res == 0) elem.innerHTML = msg1; else elem.innerHTML = msg2;
  }

}

function toggleAllBoxes() {
  if (document.getElementsByTagName) {
    d = document.getElementsByTagName('div');
    for (i = 0; i < d.length; i++) {
      if (d[i].className == 'log') {
        flip(d[i]);
      }
    }
  }
}

// -->
</script>

</head>
<body>
<h2 align='center'>crmtestcases</h2><table border='1' align="center">
<tr>
<td>Tests passed/Failed/Skipped:</td><td>3/1/6</td>
</tr><tr>
<td>Started on:</td><td>Mon Mar 26 22:32:56 IST 2018</td>
</tr>
<tr><td>Total time:</td><td>165 seconds (165576 ms)</td>
</tr><tr>
<td>Included groups:</td><td></td>
</tr><tr>
<td>Excluded groups:</td><td></td>
</tr>
</table><p/>
<small><i>(Hover the method name to see the test class name)</i></small><p/>
<table width='100%' border='1' class='invocation-failed'>
<tr><td colspan='4' align='center'><b>FAILED CONFIGURATIONS</b></td></tr>
<tr><td><b>Test method</b></td>
<td width="30%"><b>Exception</b></td>
<td width="10%"><b>Time (seconds)</b></td>
<td><b>Instance</b></td>
</tr>
<tr>
<td title='com_crm_qa_test.HomePageTest.setUp()'><b>setUp</b><br>Test class: com_crm_qa_test.HomePageTest</td>
<td><div><pre>java.lang.NullPointerException
	at org.openqa.selenium.support.pagefactory.DefaultElementLocator.findElement(DefaultElementLocator.java:69)
	at org.openqa.selenium.support.pagefactory.internal.LocatingElementHandler.invoke(LocatingElementHandler.java:38)
	at com.sun.proxy.$Proxy11.sendKeys(Unknown Source)
	at com_crm_qa_pages.LoginPage.validatelogin(LoginPage.java:42)
	at com_crm_qa_test.HomePageTest.setUp(HomePageTest.java:37)
... Removed 26 stack frames</pre></div><a href='#' onClick='toggleBox("stack-trace1305935114", this, "Click to show all stack frames", "Click to hide stack frames")'>Click to show all stack frames</a>
<div class='stack-trace' id='stack-trace1305935114'><pre>java.lang.NullPointerException
	at org.openqa.selenium.support.pagefactory.DefaultElementLocator.findElement(DefaultElementLocator.java:69)
	at org.openqa.selenium.support.pagefactory.internal.LocatingElementHandler.invoke(LocatingElementHandler.java:38)
	at com.sun.proxy.$Proxy11.sendKeys(Unknown Source)
	at com_crm_qa_pages.LoginPage.validatelogin(LoginPage.java:42)
	at com_crm_qa_test.HomePageTest.setUp(HomePageTest.java:37)
	at sun.reflect.NativeMethodAccessorImpl.invoke0(Native Method)
	at sun.reflect.NativeMethodAccessorImpl.invoke(Unknown Source)
	at sun.reflect.DelegatingMethodAccessorImpl.invoke(Unknown Source)
	at java.lang.reflect.Method.invoke(Unknown Source)
	at org.testng.internal.MethodInvocationHelper.invokeMethod(MethodInvocationHelper.java:80)
	at org.testng.internal.Invoker.invokeConfigurationMethod(Invoker.java:564)
	at org.testng.internal.Invoker.invokeConfigurations(Invoker.java:213)
	at org.testng.internal.Invoker.invokeMethod(Invoker.java:653)
	at org.testng.internal.Invoker.invokeTestMethod(Invoker.java:901)
	at org.testng.internal.Invoker.invokeTestMethods(Invoker.java:1231)
	at org.testng.internal.TestMethodWorker.invokeTestMethods(TestMethodWorker.java:127)
	at org.testng.internal.TestMethodWorker.run(TestMethodWorker.java:111)
	at org.testng.TestRunner.privateRun(TestRunner.java:767)
	at org.testng.TestRunner.run(TestRunner.java:617)
	at org.testng.SuiteRunner.runTest(SuiteRunner.java:334)
	at org.testng.SuiteRunner.runSequentially(SuiteRunner.java:329)
	at org.testng.SuiteRunner.privateRun(SuiteRunner.java:291)
	at org.testng.SuiteRunner.run(SuiteRunner.java:240)
	at org.testng.SuiteRunnerWorker.runSuite(SuiteRunnerWorker.java:52)
	at org.testng.SuiteRunnerWorker.run(SuiteRunnerWorker.java:86)
	at org.testng.TestNG.runSuitesSequentially(TestNG.java:1198)
	at org.testng.TestNG.runSuitesLocally(TestNG.java:1123)
	at org.testng.TestNG.run(TestNG.java:1031)
	at org.testng.remote.AbstractRemoteTestNG.run(AbstractRemoteTestNG.java:114)
	at org.testng.remote.RemoteTestNG.initAndRun(RemoteTestNG.java:251)
	at org.testng.remote.RemoteTestNG.main(RemoteTestNG.java:77)
</pre></div></td>
<td>0</td>
<td>com_crm_qa_test.HomePageTest@20398b7c</td></tr>
<tr>
<td title='com_crm_qa_test.ContactPageTest.setUp()'><b>setUp</b><br>Test class: com_crm_qa_test.ContactPageTest</td>
<td><div><pre>org.openqa.selenium.NoSuchElementException: Unable to locate element: //a[@title= &apos;Contacts&apos;]
For documentation on this error, please visit: http://seleniumhq.org/exceptions/no_such_element.html
Build info: version: &apos;3.8.1&apos;, revision: &apos;6e95a6684b&apos;, time: &apos;2017-12-01T18:33:54.468Z&apos;
System info: host: &apos;PARAG-PC&apos;, ip: &apos;192.168.1.206&apos;, os.name: &apos;Windows 7&apos;, os.arch: &apos;amd64&apos;, os.version: &apos;6.1&apos;, java.version: &apos;1.8.0_151&apos;
Driver info: org.openqa.selenium.firefox.FirefoxDriver
Capabilities {acceptInsecureCerts: true, browserName: firefox, browserVersion: 54.0.1, javascriptEnabled: true, moz:accessibilityChecks: false, moz:processID: 6520, moz:profile: C:\Users\Parag\AppData\Loca..., pageLoadStrategy: normal, platform: XP, platformName: XP, platformVersion: 6.1, rotatable: false, specificationLevel: 0, timeouts: {implicit: 0, pageLoad: 300000, script: 30000}}
Session ID: 29458dbc-d0c3-4425-ac18-7fd1211e1867
*** Element info: {Using=xpath, value=//a[@title= &apos;Contacts&apos;]}
	at org.openqa.selenium.remote.http.W3CHttpResponseCodec.createException(W3CHttpResponseCodec.java:187)
	at org.openqa.selenium.remote.http.W3CHttpResponseCodec.decode(W3CHttpResponseCodec.java:122)
	at org.openqa.selenium.remote.http.W3CHttpResponseCodec.decode(W3CHttpResponseCodec.java:49)
	at org.openqa.selenium.remote.HttpCommandExecutor.execute(HttpCommandExecutor.java:164)
	at org.openqa.selenium.remote.service.DriverCommandExecutor.execute(DriverCommandExecutor.java:83)
	at org.openqa.selenium.remote.RemoteWebDriver.execute(RemoteWebDriver.java:601)
	at org.openqa.selenium.remote.RemoteWebDriver.findElement(RemoteWebDriver.java:371)
	at org.openqa.selenium.remote.RemoteWebDriver.findElementByXPath(RemoteWebDriver.java:473)
	at org.openqa.selenium.By$ByXPath.findElement(By.java:361)
	at org.openqa.selenium.remote.RemoteWebDriver.findElement(RemoteWebDriver.java:363)
	at org.openqa.selenium.support.events.EventFiringWebDriver$2.invoke(EventFiringWebDriver.java:108)
	at com.sun.proxy.$Proxy14.findElement(Unknown Source)
	at org.openqa.selenium.support.events.EventFiringWebDriver.findElement(EventFiringWebDriver.java:192)
	at org.openqa.selenium.support.pagefactory.DefaultElementLocator.findElement(DefaultElementLocator.java:69)
	at org.openqa.selenium.support.pagefactory.internal.LocatingElementHandler.invoke(LocatingElementHandler.java:38)
	at com.sun.proxy.$Proxy11.click(Unknown Source)
	at com_crm_qa_pages.HomePage.clickOnContactsLinks(HomePage.java:38)
	at com_crm_qa_test.ContactPageTest.setUp(ContactPageTest.java:44)
... Removed 34 stack frames</pre></div><a href='#' onClick='toggleBox("stack-trace674019271", this, "Click to show all stack frames", "Click to hide stack frames")'>Click to show all stack frames</a>
<div class='stack-trace' id='stack-trace674019271'><pre>org.openqa.selenium.NoSuchElementException: Unable to locate element: //a[@title= &apos;Contacts&apos;]
For documentation on this error, please visit: http://seleniumhq.org/exceptions/no_such_element.html
Build info: version: &apos;3.8.1&apos;, revision: &apos;6e95a6684b&apos;, time: &apos;2017-12-01T18:33:54.468Z&apos;
System info: host: &apos;PARAG-PC&apos;, ip: &apos;192.168.1.206&apos;, os.name: &apos;Windows 7&apos;, os.arch: &apos;amd64&apos;, os.version: &apos;6.1&apos;, java.version: &apos;1.8.0_151&apos;
Driver info: org.openqa.selenium.firefox.FirefoxDriver
Capabilities {acceptInsecureCerts: true, browserName: firefox, browserVersion: 54.0.1, javascriptEnabled: true, moz:accessibilityChecks: false, moz:processID: 6520, moz:profile: C:\Users\Parag\AppData\Loca..., pageLoadStrategy: normal, platform: XP, platformName: XP, platformVersion: 6.1, rotatable: false, specificationLevel: 0, timeouts: {implicit: 0, pageLoad: 300000, script: 30000}}
Session ID: 29458dbc-d0c3-4425-ac18-7fd1211e1867
*** Element info: {Using=xpath, value=//a[@title= &apos;Contacts&apos;]}
	at sun.reflect.NativeConstructorAccessorImpl.newInstance0(Native Method)
	at sun.reflect.NativeConstructorAccessorImpl.newInstance(Unknown Source)
	at sun.reflect.DelegatingConstructorAccessorImpl.newInstance(Unknown Source)
	at java.lang.reflect.Constructor.newInstance(Unknown Source)
	at org.openqa.selenium.remote.http.W3CHttpResponseCodec.createException(W3CHttpResponseCodec.java:187)
	at org.openqa.selenium.remote.http.W3CHttpResponseCodec.decode(W3CHttpResponseCodec.java:122)
	at org.openqa.selenium.remote.http.W3CHttpResponseCodec.decode(W3CHttpResponseCodec.java:49)
	at org.openqa.selenium.remote.HttpCommandExecutor.execute(HttpCommandExecutor.java:164)
	at org.openqa.selenium.remote.service.DriverCommandExecutor.execute(DriverCommandExecutor.java:83)
	at org.openqa.selenium.remote.RemoteWebDriver.execute(RemoteWebDriver.java:601)
	at org.openqa.selenium.remote.RemoteWebDriver.findElement(RemoteWebDriver.java:371)
	at org.openqa.selenium.remote.RemoteWebDriver.findElementByXPath(RemoteWebDriver.java:473)
	at org.openqa.selenium.By$ByXPath.findElement(By.java:361)
	at org.openqa.selenium.remote.RemoteWebDriver.findElement(RemoteWebDriver.java:363)
	at sun.reflect.NativeMethodAccessorImpl.invoke0(Native Method)
	at sun.reflect.NativeMethodAccessorImpl.invoke(Unknown Source)
	at sun.reflect.DelegatingMethodAccessorImpl.invoke(Unknown Source)
	at java.lang.reflect.Method.invoke(Unknown Source)
	at org.openqa.selenium.support.events.EventFiringWebDriver$2.invoke(EventFiringWebDriver.java:108)
	at com.sun.proxy.$Proxy14.findElement(Unknown Source)
	at org.openqa.selenium.support.events.EventFiringWebDriver.findElement(EventFiringWebDriver.java:192)
	at org.openqa.selenium.support.pagefactory.DefaultElementLocator.findElement(DefaultElementLocator.java:69)
	at org.openqa.selenium.support.pagefactory.internal.LocatingElementHandler.invoke(LocatingElementHandler.java:38)
	at com.sun.proxy.$Proxy11.click(Unknown Source)
	at com_crm_qa_pages.HomePage.clickOnContactsLinks(HomePage.java:38)
	at com_crm_qa_test.ContactPageTest.setUp(ContactPageTest.java:44)
	at sun.reflect.NativeMethodAccessorImpl.invoke0(Native Method)
	at sun.reflect.NativeMethodAccessorImpl.invoke(Unknown Source)
	at sun.reflect.DelegatingMethodAccessorImpl.invoke(Unknown Source)
	at java.lang.reflect.Method.invoke(Unknown Source)
	at org.testng.internal.MethodInvocationHelper.invokeMethod(MethodInvocationHelper.java:80)
	at org.testng.internal.Invoker.invokeConfigurationMethod(Invoker.java:564)
	at org.testng.internal.Invoker.invokeConfigurations(Invoker.java:213)
	at org.testng.internal.Invoker.invokeMethod(Invoker.java:653)
	at org.testng.internal.Invoker.invokeTestMethod(Invoker.java:901)
	at org.testng.internal.Invoker.invokeTestMethods(Invoker.java:1231)
	at org.testng.internal.TestMethodWorker.invokeTestMethods(TestMethodWorker.java:127)
	at org.testng.internal.TestMethodWorker.run(TestMethodWorker.java:111)
	at org.testng.TestRunner.privateRun(TestRunner.java:767)
	at org.testng.TestRunner.run(TestRunner.java:617)
	at org.testng.SuiteRunner.runTest(SuiteRunner.java:334)
	at org.testng.SuiteRunner.runSequentially(SuiteRunner.java:329)
	at org.testng.SuiteRunner.privateRun(SuiteRunner.java:291)
	at org.testng.SuiteRunner.run(SuiteRunner.java:240)
	at org.testng.SuiteRunnerWorker.runSuite(SuiteRunnerWorker.java:52)
	at org.testng.SuiteRunnerWorker.run(SuiteRunnerWorker.java:86)
	at org.testng.TestNG.runSuitesSequentially(TestNG.java:1198)
	at org.testng.TestNG.runSuitesLocally(TestNG.java:1123)
	at org.testng.TestNG.run(TestNG.java:1031)
	at org.testng.remote.AbstractRemoteTestNG.run(AbstractRemoteTestNG.java:114)
	at org.testng.remote.RemoteTestNG.initAndRun(RemoteTestNG.java:251)
	at org.testng.remote.RemoteTestNG.main(RemoteTestNG.java:77)
</pre></div></td>
<td>0</td>
<td>com_crm_qa_test.ContactPageTest@520a3426</td></tr>
</table><p>
<table width='100%' border='1' class='invocation-skipped'>
<tr><td colspan='4' align='center'><b>SKIPPED CONFIGURATIONS</b></td></tr>
<tr><td><b>Test method</b></td>
<td width="30%"><b>Exception</b></td>
<td width="10%"><b>Time (seconds)</b></td>
<td><b>Instance</b></td>
</tr>
<tr>
<td title='com_crm_qa_test.HomePageTest.setUp()'><b>setUp</b><br>Test class: com_crm_qa_test.HomePageTest</td>
<td></td>
<td>0</td>
<td>com_crm_qa_test.HomePageTest@20398b7c</td></tr>
<tr>
<td title='com_crm_qa_test.HomePageTest.setUp()'><b>setUp</b><br>Test class: com_crm_qa_test.HomePageTest</td>
<td></td>
<td>0</td>
<td>com_crm_qa_test.HomePageTest@20398b7c</td></tr>
<tr>
<td title='com_crm_qa_test.ContactPageTest.setUp()'><b>setUp</b><br>Test class: com_crm_qa_test.ContactPageTest</td>
<td></td>
<td>0</td>
<td>com_crm_qa_test.ContactPageTest@520a3426</td></tr>
<tr>
<td title='com_crm_qa_test.ContactPageTest.setUp()'><b>setUp</b><br>Test class: com_crm_qa_test.ContactPageTest</td>
<td></td>
<td>0</td>
<td>com_crm_qa_test.ContactPageTest@520a3426</td></tr>
<tr>
<td title='com_crm_qa_test.HomePageTest.tearDown()'><b>tearDown</b><br>Test class: com_crm_qa_test.HomePageTest</td>
<td></td>
<td>0</td>
<td>com_crm_qa_test.HomePageTest@20398b7c</td></tr>
<tr>
<td title='com_crm_qa_test.HomePageTest.tearDown()'><b>tearDown</b><br>Test class: com_crm_qa_test.HomePageTest</td>
<td></td>
<td>0</td>
<td>com_crm_qa_test.HomePageTest@20398b7c</td></tr>
<tr>
<td title='com_crm_qa_test.HomePageTest.tearDown()'><b>tearDown</b><br>Test class: com_crm_qa_test.HomePageTest</td>
<td></td>
<td>0</td>
<td>com_crm_qa_test.HomePageTest@20398b7c</td></tr>
<tr>
<td title='com_crm_qa_test.ContactPageTest.teardown()'><b>teardown</b><br>Test class: com_crm_qa_test.ContactPageTest</td>
<td></td>
<td>0</td>
<td>com_crm_qa_test.ContactPageTest@520a3426</td></tr>
<tr>
<td title='com_crm_qa_test.ContactPageTest.teardown()'><b>teardown</b><br>Test class: com_crm_qa_test.ContactPageTest</td>
<td></td>
<td>0</td>
<td>com_crm_qa_test.ContactPageTest@520a3426</td></tr>
<tr>
<td title='com_crm_qa_test.ContactPageTest.teardown()'><b>teardown</b><br>Test class: com_crm_qa_test.ContactPageTest</td>
<td></td>
<td>0</td>
<td>com_crm_qa_test.ContactPageTest@520a3426</td></tr>
</table><p>
<table width='100%' border='1' class='invocation-passed'>
<tr><td colspan='4' align='center'><b>PASSED TESTS</b></td></tr>
<tr><td><b>Test method</b></td>
<td width="30%"><b>Exception</b></td>
<td width="10%"><b>Time (seconds)</b></td>
<td><b>Instance</b></td>
</tr>
<tr>
<td title='com_crm_qa_test.LoginPageTest.crmLogoImageTest()'><b>crmLogoImageTest</b><br>Test class: com_crm_qa_test.LoginPageTest</td>
<td></td>
<td>0</td>
<td>com_crm_qa_test.LoginPageTest@18eed359</td></tr>
<tr>
<td title='com_crm_qa_test.LoginPageTest.loginPageTitleTest()'><b>loginPageTitleTest</b><br>Test class: com_crm_qa_test.LoginPageTest</td>
<td></td>
<td>0</td>
<td>com_crm_qa_test.LoginPageTest@18eed359</td></tr>
<tr>
<td title='com_crm_qa_test.LoginPageTest.loginTest()'><b>loginTest</b><br>Test class: com_crm_qa_test.LoginPageTest</td>
<td></td>
<td>0</td>
<td>com_crm_qa_test.LoginPageTest@18eed359</td></tr>
</table><p>
<table width='100%' border='1' class='invocation-skipped'>
<tr><td colspan='4' align='center'><b>SKIPPED TESTS</b></td></tr>
<tr><td><b>Test method</b></td>
<td width="30%"><b>Exception</b></td>
<td width="10%"><b>Time (seconds)</b></td>
<td><b>Instance</b></td>
</tr>
<tr>
<td title='com_crm_qa_test.ContactPageTest.selectMultipleContactsTest()'><b>selectMultipleContactsTest</b><br>Test class: com_crm_qa_test.ContactPageTest</td>
<td></td>
<td>0</td>
<td>com_crm_qa_test.ContactPageTest@520a3426</td></tr>
<tr>
<td title='com_crm_qa_test.ContactPageTest.selectSingleContactsTest()'><b>selectSingleContactsTest</b><br>Test class: com_crm_qa_test.ContactPageTest</td>
<td></td>
<td>0</td>
<td>com_crm_qa_test.ContactPageTest@520a3426</td></tr>
<tr>
<td title='com_crm_qa_test.ContactPageTest.validateCreateNewContact()'><b>validateCreateNewContact</b><br>Test class: com_crm_qa_test.ContactPageTest</td>
<td><div><pre>java.lang.RuntimeException: java.lang.NullPointerException
Caused by: java.lang.NullPointerException
	at org.apache.poi.poifs.filesystem.FileMagic.prepareToCheckMagic(FileMagic.java:148)
	at org.apache.poi.ss.usermodel.WorkbookFactory.create(WorkbookFactory.java:175)
	at org.apache.poi.ss.usermodel.WorkbookFactory.create(WorkbookFactory.java:149)
	at com_crm_qa_util.Test_Util.getTestData(Test_Util.java:49)
	at com_crm_qa_test.ContactPageTest.getCRMTestData(ContactPageTest.java:71)
	... 20 more
... Removed 27 stack frames</pre></div><a href='#' onClick='toggleBox("stack-trace807328355", this, "Click to show all stack frames", "Click to hide stack frames")'>Click to show all stack frames</a>
<div class='stack-trace' id='stack-trace807328355'><pre>java.lang.RuntimeException: java.lang.NullPointerException
	at org.testng.internal.MethodInvocationHelper.invokeDataProvider(MethodInvocationHelper.java:143)
	at org.testng.internal.Parameters.handleParameters(Parameters.java:426)
	at org.testng.internal.Invoker.handleParameters(Invoker.java:1383)
	at org.testng.internal.Invoker.createParameters(Invoker.java:1075)
	at org.testng.internal.Invoker.invokeTestMethods(Invoker.java:1180)
	at org.testng.internal.TestMethodWorker.invokeTestMethods(TestMethodWorker.java:127)
	at org.testng.internal.TestMethodWorker.run(TestMethodWorker.java:111)
	at org.testng.TestRunner.privateRun(TestRunner.java:767)
	at org.testng.TestRunner.run(TestRunner.java:617)
	at org.testng.SuiteRunner.runTest(SuiteRunner.java:334)
	at org.testng.SuiteRunner.runSequentially(SuiteRunner.java:329)
	at org.testng.SuiteRunner.privateRun(SuiteRunner.java:291)
	at org.testng.SuiteRunner.run(SuiteRunner.java:240)
	at org.testng.SuiteRunnerWorker.runSuite(SuiteRunnerWorker.java:52)
	at org.testng.SuiteRunnerWorker.run(SuiteRunnerWorker.java:86)
	at org.testng.TestNG.runSuitesSequentially(TestNG.java:1198)
	at org.testng.TestNG.runSuitesLocally(TestNG.java:1123)
	at org.testng.TestNG.run(TestNG.java:1031)
	at org.testng.remote.AbstractRemoteTestNG.run(AbstractRemoteTestNG.java:114)
	at org.testng.remote.RemoteTestNG.initAndRun(RemoteTestNG.java:251)
	at org.testng.remote.RemoteTestNG.main(RemoteTestNG.java:77)
Caused by: java.lang.NullPointerException
	at org.apache.poi.poifs.filesystem.FileMagic.prepareToCheckMagic(FileMagic.java:148)
	at org.apache.poi.ss.usermodel.WorkbookFactory.create(WorkbookFactory.java:175)
	at org.apache.poi.ss.usermodel.WorkbookFactory.create(WorkbookFactory.java:149)
	at com_crm_qa_util.Test_Util.getTestData(Test_Util.java:49)
	at com_crm_qa_test.ContactPageTest.getCRMTestData(ContactPageTest.java:71)
	at sun.reflect.NativeMethodAccessorImpl.invoke0(Native Method)
	at sun.reflect.NativeMethodAccessorImpl.invoke(Unknown Source)
	at sun.reflect.DelegatingMethodAccessorImpl.invoke(Unknown Source)
	at java.lang.reflect.Method.invoke(Unknown Source)
	at org.testng.internal.MethodInvocationHelper.invokeMethod(MethodInvocationHelper.java:80)
	at org.testng.internal.MethodInvocationHelper.invokeDataProvider(MethodInvocationHelper.java:117)
	... 20 more
</pre></div></td>
<td>0</td>
<td>com_crm_qa_test.ContactPageTest@520a3426</td></tr>
<tr>
<td title='com_crm_qa_test.HomePageTest.verifyContactsLinkTest()'><b>verifyContactsLinkTest</b><br>Test class: com_crm_qa_test.HomePageTest</td>
<td></td>
<td>0</td>
<td>com_crm_qa_test.HomePageTest@20398b7c</td></tr>
<tr>
<td title='com_crm_qa_test.ContactPageTest.verifyContactsPageLabel()'><b>verifyContactsPageLabel</b><br>Test class: com_crm_qa_test.ContactPageTest</td>
<td></td>
<td>0</td>
<td>com_crm_qa_test.ContactPageTest@520a3426</td></tr>
<tr>
<td title='com_crm_qa_test.HomePageTest.verifyHomePageTitleTest()'><b>verifyHomePageTitleTest</b><br>Test class: com_crm_qa_test.HomePageTest</td>
<td></td>
<td>0</td>
<td>com_crm_qa_test.HomePageTest@20398b7c</td></tr>
<tr>
<td title='com_crm_qa_test.HomePageTest.verifyUserNameTest()'><b>verifyUserNameTest</b><br>Test class: com_crm_qa_test.HomePageTest</td>
<td></td>
<td>0</td>
<td>com_crm_qa_test.HomePageTest@20398b7c</td></tr>
</table><p>
</body>
</html>